android/app/build/intermediates/manifest_merge_blame_file/release/manifest-merger-blame-release-report.txt
1<?xml version="1.0" encoding="utf-8"?>
2<manifest xmlns:android="http://schemas.android.com/apk/res/android"
3    package="com.bellmandford"
4    android:versionCode="1"
5    android:versionName="1.0" >
6
7    <uses-sdk
8        android:minSdkVersion="21"
8-->src\main\AndroidManifest.xml
9        android:targetSdkVersion="33" />
9-->src\main\AndroidManifest.xml
10
11    <uses-permission android:name="android.permission.INTERNET" />
11-->src\main\AndroidManifest.xml:3:5-67
11-->src\main\AndroidManifest.xml:3:22-64
12    <uses-permission android:name="android.permission.ACCESS_FINE_LOCATION" />
12-->src\main\AndroidManifest.xml:4:5-79
12-->src\main\AndroidManifest.xml:4:22-76
13    <uses-permission android:name="android.permission.READ_EXTERNAL_STORAGE" />
13-->src\main\AndroidManifest.xml:5:5-80
13-->src\main\AndroidManifest.xml:5:22-77
14    <uses-permission android:name="android.permission.WRITE_EXTERNAL_STORAGE" />
14-->src\main\AndroidManifest.xml:6:5-81
14-->src\main\AndroidManifest.xml:6:22-78
15    <uses-permission android:name="android.permission.DOWNLOAD_WITHOUT_NOTIFICATION" />
15-->src\main\AndroidManifest.xml:7:5-88
15-->src\main\AndroidManifest.xml:7:22-85
16    <uses-permission android:name="android.permission.ACCESS_NETWORK_STATE" />
16-->src\main\AndroidManifest.xml:8:5-79
16-->src\main\AndroidManifest.xml:8:22-76
17    <uses-permission android:name="android.permission.ACCESS_WIFI_STATE" />
17-->src\main\AndroidManifest.xml:9:5-76
17-->src\main\AndroidManifest.xml:9:22-73
18
19    <uses-feature
19-->[com.google.android.gms:play-services-maps:18.0.2] AndroidManifest.xml:26:5-28:35
20        android:glEsVersion="0x00020000"
20-->[com.google.android.gms:play-services-maps:18.0.2] AndroidManifest.xml:27:9-41
21        android:required="true" />
21-->[com.google.android.gms:play-services-maps:18.0.2] AndroidManifest.xml:28:9-32
22
23    <queries>
23-->[com.google.android.gms:play-services-maps:18.0.2] AndroidManifest.xml:30:5-34:15
24
25        <!-- Needs to be explicitly declared on Android R+ -->
26        <package android:name="com.google.android.apps.maps" />
26-->[com.google.android.gms:play-services-maps:18.0.2] AndroidManifest.xml:33:9-64
26-->[com.google.android.gms:play-services-maps:18.0.2] AndroidManifest.xml:33:18-61
27    </queries>
28
29    <uses-permission android:name="android.permission.WAKE_LOCK" />
29-->[androidx.work:work-runtime:2.7.1] AndroidManifest.xml:25:5-68
29-->[androidx.work:work-runtime:2.7.1] AndroidManifest.xml:25:22-65
30    <uses-permission android:name="android.permission.RECEIVE_BOOT_COMPLETED" />
30-->[androidx.work:work-runtime:2.7.1] AndroidManifest.xml:27:5-81
30-->[androidx.work:work-runtime:2.7.1] AndroidManifest.xml:27:22-78
31    <uses-permission android:name="android.permission.FOREGROUND_SERVICE" />
31-->[androidx.work:work-runtime:2.7.1] AndroidManifest.xml:28:5-77
31-->[androidx.work:work-runtime:2.7.1] AndroidManifest.xml:28:22-74
32
33    <application
33-->src\main\AndroidManifest.xml:11:5-36:19
34        android:name="com.bellmandford.MainApplication"
34-->src\main\AndroidManifest.xml:12:7-38
35        android:allowBackup="false"
35-->src\main\AndroidManifest.xml:16:7-34
36        android:appComponentFactory="androidx.core.app.CoreComponentFactory"
36-->[androidx.core:core:1.7.0] AndroidManifest.xml:24:18-86
37        android:icon="@mipmap/logo"
37-->src\main\AndroidManifest.xml:14:7-34
38        android:label="Wisata Bulukumba"
38-->src\main\AndroidManifest.xml:13:7-39
39        android:roundIcon="@mipmap/logo"
39-->src\main\AndroidManifest.xml:15:7-39
40        android:theme="@style/AppTheme"
40-->src\main\AndroidManifest.xml:17:7-38
41        android:usesCleartextTraffic="true" >
41-->src\main\AndroidManifest.xml:18:8-43
42        <activity
42-->src\main\AndroidManifest.xml:19:7-30:18
43            android:name="com.bellmandford.MainActivity"
43-->src\main\AndroidManifest.xml:20:9-37
44            android:configChanges="keyboard|keyboardHidden|orientation|screenLayout|screenSize|smallestScreenSize|uiMode"
44-->src\main\AndroidManifest.xml:22:9-118
45            android:exported="true"
45-->src\main\AndroidManifest.xml:25:9-32
46            android:label="Wisata Bulukumba"
46-->src\main\AndroidManifest.xml:21:9-41
47            android:launchMode="singleTask"
47-->src\main\AndroidManifest.xml:23:9-40
48            android:windowSoftInputMode="adjustResize" >
48-->src\main\AndroidManifest.xml:24:9-51
49            <intent-filter>
49-->src\main\AndroidManifest.xml:26:9-29:25
50                <action android:name="android.intent.action.MAIN" />
50-->src\main\AndroidManifest.xml:27:13-65
50-->src\main\AndroidManifest.xml:27:21-62
51
52                <category android:name="android.intent.category.LAUNCHER" />
52-->src\main\AndroidManifest.xml:28:13-73
52-->src\main\AndroidManifest.xml:28:23-70
53            </intent-filter>
54        </activity>
55
56        <meta-data
56-->src\main\AndroidManifest.xml:32:7-34:66
57            android:name="com.google.android.geo.API_KEY"
57-->src\main\AndroidManifest.xml:33:9-54
58            android:value="AIzaSyDAvs1mDQYuAxWGbSf7T5eO93v5VedySXc" />
58-->src\main\AndroidManifest.xml:34:9-64
59
60        <uses-library
60-->src\main\AndroidManifest.xml:35:7-85
61            android:name="org.apache.http.legacy"
61-->src\main\AndroidManifest.xml:35:21-58
62            android:required="false" />
62-->src\main\AndroidManifest.xml:35:59-83
63
64        <activity
64-->[com.google.android.gms:play-services-base:18.1.0] AndroidManifest.xml:20:9-22:45
65            android:name="com.google.android.gms.common.api.GoogleApiActivity"
65-->[com.google.android.gms:play-services-base:18.1.0] AndroidManifest.xml:20:19-85
66            android:exported="false"
66-->[com.google.android.gms:play-services-base:18.1.0] AndroidManifest.xml:22:19-43
67            android:theme="@android:style/Theme.Translucent.NoTitleBar" />
67-->[com.google.android.gms:play-services-base:18.1.0] AndroidManifest.xml:21:19-78
68
69        <meta-data
69-->[com.google.android.gms:play-services-basement:18.1.0] AndroidManifest.xml:21:9-23:69
70            android:name="com.google.android.gms.version"
70-->[com.google.android.gms:play-services-basement:18.1.0] AndroidManifest.xml:22:13-58
71            android:value="@integer/google_play_services_version" />
71-->[com.google.android.gms:play-services-basement:18.1.0] AndroidManifest.xml:23:13-66
72
73        <provider
73-->[androidx.work:work-runtime:2.7.1] AndroidManifest.xml:31:9-39:20
74            android:name="androidx.startup.InitializationProvider"
74-->[androidx.work:work-runtime:2.7.1] AndroidManifest.xml:32:13-67
75            android:authorities="com.bellmandford.androidx-startup"
75-->[androidx.work:work-runtime:2.7.1] AndroidManifest.xml:33:13-68
76            android:exported="false" >
76-->[androidx.work:work-runtime:2.7.1] AndroidManifest.xml:34:13-37
77            <meta-data
77-->[androidx.work:work-runtime:2.7.1] AndroidManifest.xml:36:13-38:52
78                android:name="androidx.work.WorkManagerInitializer"
78-->[androidx.work:work-runtime:2.7.1] AndroidManifest.xml:37:17-68
79                android:value="androidx.startup" />
79-->[androidx.work:work-runtime:2.7.1] AndroidManifest.xml:38:17-49
80            <meta-data
80-->[androidx.emoji2:emoji2:1.0.0] AndroidManifest.xml:31:13-33:52
81                android:name="androidx.emoji2.text.EmojiCompatInitializer"
81-->[androidx.emoji2:emoji2:1.0.0] AndroidManifest.xml:32:17-75
82                android:value="androidx.startup" />
82-->[androidx.emoji2:emoji2:1.0.0] AndroidManifest.xml:33:17-49
83            <meta-data
83-->[androidx.lifecycle:lifecycle-process:2.4.0] AndroidManifest.xml:31:13-33:52
84                android:name="androidx.lifecycle.ProcessLifecycleInitializer"
84-->[androidx.lifecycle:lifecycle-process:2.4.0] AndroidManifest.xml:32:17-78
85                android:value="androidx.startup" />
85-->[androidx.lifecycle:lifecycle-process:2.4.0] AndroidManifest.xml:33:17-49
86        </provider>
87
88        <service
88-->[androidx.work:work-runtime:2.7.1] AndroidManifest.xml:41:9-46:35
89            android:name="androidx.work.impl.background.systemalarm.SystemAlarmService"
89-->[androidx.work:work-runtime:2.7.1] AndroidManifest.xml:42:13-88
90            android:directBootAware="false"
90-->[androidx.work:work-runtime:2.7.1] AndroidManifest.xml:43:13-44
91            android:enabled="@bool/enable_system_alarm_service_default"
91-->[androidx.work:work-runtime:2.7.1] AndroidManifest.xml:44:13-72
92            android:exported="false" />
92-->[androidx.work:work-runtime:2.7.1] AndroidManifest.xml:45:13-37
93        <service
93-->[androidx.work:work-runtime:2.7.1] AndroidManifest.xml:47:9-53:35
94            android:name="androidx.work.impl.background.systemjob.SystemJobService"
94-->[androidx.work:work-runtime:2.7.1] AndroidManifest.xml:48:13-84
95            android:directBootAware="false"
95-->[androidx.work:work-runtime:2.7.1] AndroidManifest.xml:49:13-44
96            android:enabled="@bool/enable_system_job_service_default"
96-->[androidx.work:work-runtime:2.7.1] AndroidManifest.xml:50:13-70
97            android:exported="true"
97-->[androidx.work:work-runtime:2.7.1] AndroidManifest.xml:51:13-36
98            android:permission="android.permission.BIND_JOB_SERVICE" />
98-->[androidx.work:work-runtime:2.7.1] AndroidManifest.xml:52:13-69
99        <service
99-->[androidx.work:work-runtime:2.7.1] AndroidManifest.xml:54:9-59:35
100            android:name="androidx.work.impl.foreground.SystemForegroundService"
100-->[androidx.work:work-runtime:2.7.1] AndroidManifest.xml:55:13-81
101            android:directBootAware="false"
101-->[androidx.work:work-runtime:2.7.1] AndroidManifest.xml:56:13-44
102            android:enabled="@bool/enable_system_foreground_service_default"
102-->[androidx.work:work-runtime:2.7.1] AndroidManifest.xml:57:13-77
103            android:exported="false" />
103-->[androidx.work:work-runtime:2.7.1] AndroidManifest.xml:58:13-37
104
105        <receiver
105-->[androidx.work:work-runtime:2.7.1] AndroidManifest.xml:61:9-66:35
106            android:name="androidx.work.impl.utils.ForceStopRunnable$BroadcastReceiver"
106-->[androidx.work:work-runtime:2.7.1] AndroidManifest.xml:62:13-88
107            android:directBootAware="false"
107-->[androidx.work:work-runtime:2.7.1] AndroidManifest.xml:63:13-44
108            android:enabled="true"
108-->[androidx.work:work-runtime:2.7.1] AndroidManifest.xml:64:13-35
109            android:exported="false" />
109-->[androidx.work:work-runtime:2.7.1] AndroidManifest.xml:65:13-37
110        <receiver
110-->[androidx.work:work-runtime:2.7.1] AndroidManifest.xml:67:9-77:20
111            android:name="androidx.work.impl.background.systemalarm.ConstraintProxy$BatteryChargingProxy"
111-->[androidx.work:work-runtime:2.7.1] AndroidManifest.xml:68:13-106
112            android:directBootAware="false"
112-->[androidx.work:work-runtime:2.7.1] AndroidManifest.xml:69:13-44
113            android:enabled="false"
113-->[androidx.work:work-runtime:2.7.1] AndroidManifest.xml:70:13-36
114            android:exported="false" >
114-->[androidx.work:work-runtime:2.7.1] AndroidManifest.xml:71:13-37
115            <intent-filter>
115-->[androidx.work:work-runtime:2.7.1] AndroidManifest.xml:73:13-76:29
116                <action android:name="android.intent.action.ACTION_POWER_CONNECTED" />
116-->[androidx.work:work-runtime:2.7.1] AndroidManifest.xml:74:17-87
116-->[androidx.work:work-runtime:2.7.1] AndroidManifest.xml:74:25-84
117                <action android:name="android.intent.action.ACTION_POWER_DISCONNECTED" />
117-->[androidx.work:work-runtime:2.7.1] AndroidManifest.xml:75:17-90
117-->[androidx.work:work-runtime:2.7.1] AndroidManifest.xml:75:25-87
118            </intent-filter>
119        </receiver>
120        <receiver
120-->[androidx.work:work-runtime:2.7.1] AndroidManifest.xml:78:9-88:20
121            android:name="androidx.work.impl.background.systemalarm.ConstraintProxy$BatteryNotLowProxy"
121-->[androidx.work:work-runtime:2.7.1] AndroidManifest.xml:79:13-104
122            android:directBootAware="false"
122-->[androidx.work:work-runtime:2.7.1] AndroidManifest.xml:80:13-44
123            android:enabled="false"
123-->[androidx.work:work-runtime:2.7.1] AndroidManifest.xml:81:13-36
124            android:exported="false" >
124-->[androidx.work:work-runtime:2.7.1] AndroidManifest.xml:82:13-37
125            <intent-filter>
125-->[androidx.work:work-runtime:2.7.1] AndroidManifest.xml:84:13-87:29
126                <action android:name="android.intent.action.BATTERY_OKAY" />
126-->[androidx.work:work-runtime:2.7.1] AndroidManifest.xml:85:17-77
126-->[androidx.work:work-runtime:2.7.1] AndroidManifest.xml:85:25-74
127                <action android:name="android.intent.action.BATTERY_LOW" />
127-->[androidx.work:work-runtime:2.7.1] AndroidManifest.xml:86:17-76
127-->[androidx.work:work-runtime:2.7.1] AndroidManifest.xml:86:25-73
128            </intent-filter>
129        </receiver>
130        <receiver
130-->[androidx.work:work-runtime:2.7.1] AndroidManifest.xml:89:9-99:20
131            android:name="androidx.work.impl.background.systemalarm.ConstraintProxy$StorageNotLowProxy"
131-->[androidx.work:work-runtime:2.7.1] AndroidManifest.xml:90:13-104
132            android:directBootAware="false"
132-->[androidx.work:work-runtime:2.7.1] AndroidManifest.xml:91:13-44
133            android:enabled="false"
133-->[androidx.work:work-runtime:2.7.1] AndroidManifest.xml:92:13-36
134            android:exported="false" >
134-->[androidx.work:work-runtime:2.7.1] AndroidManifest.xml:93:13-37
135            <intent-filter>
135-->[androidx.work:work-runtime:2.7.1] AndroidManifest.xml:95:13-98:29
136                <action android:name="android.intent.action.DEVICE_STORAGE_LOW" />
136-->[androidx.work:work-runtime:2.7.1] AndroidManifest.xml:96:17-83
136-->[androidx.work:work-runtime:2.7.1] AndroidManifest.xml:96:25-80
137                <action android:name="android.intent.action.DEVICE_STORAGE_OK" />
137-->[androidx.work:work-runtime:2.7.1] AndroidManifest.xml:97:17-82
137-->[androidx.work:work-runtime:2.7.1] AndroidManifest.xml:97:25-79
138            </intent-filter>
139        </receiver>
140        <receiver
140-->[androidx.work:work-runtime:2.7.1] AndroidManifest.xml:100:9-109:20
141            android:name="androidx.work.impl.background.systemalarm.ConstraintProxy$NetworkStateProxy"
141-->[androidx.work:work-runtime:2.7.1] AndroidManifest.xml:101:13-103
142            android:directBootAware="false"
142-->[androidx.work:work-runtime:2.7.1] AndroidManifest.xml:102:13-44
143            android:enabled="false"
143-->[androidx.work:work-runtime:2.7.1] AndroidManifest.xml:103:13-36
144            android:exported="false" >
144-->[androidx.work:work-runtime:2.7.1] AndroidManifest.xml:104:13-37
145            <intent-filter>
145-->[androidx.work:work-runtime:2.7.1] AndroidManifest.xml:106:13-108:29
146                <action android:name="android.net.conn.CONNECTIVITY_CHANGE" />
146-->[androidx.work:work-runtime:2.7.1] AndroidManifest.xml:107:17-79
146-->[androidx.work:work-runtime:2.7.1] AndroidManifest.xml:107:25-76
147            </intent-filter>
148        </receiver>
149        <receiver
149-->[androidx.work:work-runtime:2.7.1] AndroidManifest.xml:110:9-121:20
150            android:name="androidx.work.impl.background.systemalarm.RescheduleReceiver"
150-->[androidx.work:work-runtime:2.7.1] AndroidManifest.xml:111:13-88
151            android:directBootAware="false"
151-->[androidx.work:work-runtime:2.7.1] AndroidManifest.xml:112:13-44
152            android:enabled="false"
152-->[androidx.work:work-runtime:2.7.1] AndroidManifest.xml:113:13-36
153            android:exported="false" >
153-->[androidx.work:work-runtime:2.7.1] AndroidManifest.xml:114:13-37
154            <intent-filter>
154-->[androidx.work:work-runtime:2.7.1] AndroidManifest.xml:116:13-120:29
155                <action android:name="android.intent.action.BOOT_COMPLETED" />
155-->[androidx.work:work-runtime:2.7.1] AndroidManifest.xml:117:17-79
155-->[androidx.work:work-runtime:2.7.1] AndroidManifest.xml:117:25-76
156                <action android:name="android.intent.action.TIME_SET" />
156-->[androidx.work:work-runtime:2.7.1] AndroidManifest.xml:118:17-73
156-->[androidx.work:work-runtime:2.7.1] AndroidManifest.xml:118:25-70
157                <action android:name="android.intent.action.TIMEZONE_CHANGED" />
157-->[androidx.work:work-runtime:2.7.1] AndroidManifest.xml:119:17-81
157-->[androidx.work:work-runtime:2.7.1] AndroidManifest.xml:119:25-78
158            </intent-filter>
159        </receiver>
160        <receiver
160-->[androidx.work:work-runtime:2.7.1] AndroidManifest.xml:122:9-131:20
161            android:name="androidx.work.impl.background.systemalarm.ConstraintProxyUpdateReceiver"
161-->[androidx.work:work-runtime:2.7.1] AndroidManifest.xml:123:13-99
162            android:directBootAware="false"
162-->[androidx.work:work-runtime:2.7.1] AndroidManifest.xml:124:13-44
163            android:enabled="@bool/enable_system_alarm_service_default"
163-->[androidx.work:work-runtime:2.7.1] AndroidManifest.xml:125:13-72
164            android:exported="false" >
164-->[androidx.work:work-runtime:2.7.1] AndroidManifest.xml:126:13-37
165            <intent-filter>
165-->[androidx.work:work-runtime:2.7.1] AndroidManifest.xml:128:13-130:29
166                <action android:name="androidx.work.impl.background.systemalarm.UpdateProxies" />
166-->[androidx.work:work-runtime:2.7.1] AndroidManifest.xml:129:17-98
166-->[androidx.work:work-runtime:2.7.1] AndroidManifest.xml:129:25-95
167            </intent-filter>
168        </receiver>
169        <receiver
169-->[androidx.work:work-runtime:2.7.1] AndroidManifest.xml:132:9-142:20
170            android:name="androidx.work.impl.diagnostics.DiagnosticsReceiver"
170-->[androidx.work:work-runtime:2.7.1] AndroidManifest.xml:133:13-78
171            android:directBootAware="false"
171-->[androidx.work:work-runtime:2.7.1] AndroidManifest.xml:134:13-44
172            android:enabled="true"
172-->[androidx.work:work-runtime:2.7.1] AndroidManifest.xml:135:13-35
173            android:exported="true"
173-->[androidx.work:work-runtime:2.7.1] AndroidManifest.xml:136:13-36
174            android:permission="android.permission.DUMP" >
174-->[androidx.work:work-runtime:2.7.1] AndroidManifest.xml:137:13-57
175            <intent-filter>
175-->[androidx.work:work-runtime:2.7.1] AndroidManifest.xml:139:13-141:29
176                <action android:name="androidx.work.diagnostics.REQUEST_DIAGNOSTICS" />
176-->[androidx.work:work-runtime:2.7.1] AndroidManifest.xml:140:17-88
176-->[androidx.work:work-runtime:2.7.1] AndroidManifest.xml:140:25-85
177            </intent-filter>
178        </receiver>
179
180        <service
180-->[androidx.room:room-runtime:2.2.5] AndroidManifest.xml:25:9-28:40
181            android:name="androidx.room.MultiInstanceInvalidationService"
181-->[androidx.room:room-runtime:2.2.5] AndroidManifest.xml:26:13-74
182            android:directBootAware="true"
182-->[androidx.room:room-runtime:2.2.5] AndroidManifest.xml:27:13-43
183            android:exported="false" />
183-->[androidx.room:room-runtime:2.2.5] AndroidManifest.xml:28:13-37
184    </application>
185
186</manifest>